<?xml version="1.0" encoding="UTF-8"?>
<!-- Generated by org.testng.reporters.JUnitXMLReporter -->
<testsuite ignored="0" hostname="DESKTOP-6LKFOD8" failures="1" tests="18" name="LoginAndHomePageTest" time="68.988" errors="0" timestamp="2025-08-01T12:19:13 IST">
  <testcase classname="LogInPageTest" name="testLogInPageUI" time="6.543"/>
  <testcase classname="HeaderSection" name="HeaderSectionUI" time="0.633"/>
  <testcase classname="PopularPageTest" name="PopularPageUI" time="0.613">
    <failure type="org.openqa.selenium.NoSuchElementException" message="no such element: Unable to locate element: {&amp;quot;method&amp;quot;:&amp;quot;xpath&amp;quot;,&amp;quot;selector&amp;quot;:&amp;quot;//a[text()=&amp;apos;Popular&amp;apos;]&amp;quot;}
  (Session info: chrome=138.0.7204.184)
For documentation on this error, please visit: https://selenium.dev/exceptions/#no_such_element
Build info: version: &amp;apos;4.9.1&amp;apos;, revision: &amp;apos;eb2032df7f&amp;apos;
System info: os.name: &amp;apos;Windows 10&amp;apos;, os.arch: &amp;apos;amd64&amp;apos;, os.version: &amp;apos;10.0&amp;apos;, java.version: &amp;apos;11.0.2&amp;apos;
Driver info: org.openqa.selenium.chrome.ChromeDriver
Command: [bd220f2deb207a9c130e88a2913726ce, findElement {using=xpath, value=//a[text()=&amp;apos;Popular&amp;apos;]}]
Capabilities {acceptInsecureCerts: false, browserName: chrome, browserVersion: 138.0.7204.184, chrome: {chromedriverVersion: 138.0.7204.101 (a2159ad9ab8..., userDataDir: C:\Users\user\AppData\Local...}, fedcm:accounts: true, goog:chromeOptions: {debuggerAddress: localhost:50181}, networkConnectionEnabled: false, pageLoadStrategy: normal, platformName: windows, proxy: Proxy(), se:cdp: ws://localhost:50181/devtoo..., se:cdpVersion: 138.0.7204.184, setWindowRect: true, strictFileInteractability: false, timeouts: {implicit: 0, pageLoad: 300000, script: 30000}, unhandledPromptBehavior: dismiss and notify, webauthn:extension:credBlob: true, webauthn:extension:largeBlob: true, webauthn:extension:minPinLength: true, webauthn:extension:prf: true, webauthn:virtualAuthenticators: true}
Session ID: bd220f2deb207a9c130e88a2913726ce">
      <![CDATA[org.openqa.selenium.NoSuchElementException: no such element: Unable to locate element: {"method":"xpath","selector":"//a[text()='Popular']"}
  (Session info: chrome=138.0.7204.184)
For documentation on this error, please visit: https://selenium.dev/exceptions/#no_such_element
Build info: version: '4.9.1', revision: 'eb2032df7f'
System info: os.name: 'Windows 10', os.arch: 'amd64', os.version: '10.0', java.version: '11.0.2'
Driver info: org.openqa.selenium.chrome.ChromeDriver
Command: [bd220f2deb207a9c130e88a2913726ce, findElement {using=xpath, value=//a[text()='Popular']}]
Capabilities {acceptInsecureCerts: false, browserName: chrome, browserVersion: 138.0.7204.184, chrome: {chromedriverVersion: 138.0.7204.101 (a2159ad9ab8..., userDataDir: C:\Users\user\AppData\Local...}, fedcm:accounts: true, goog:chromeOptions: {debuggerAddress: localhost:50181}, networkConnectionEnabled: false, pageLoadStrategy: normal, platformName: windows, proxy: Proxy(), se:cdp: ws://localhost:50181/devtoo..., se:cdpVersion: 138.0.7204.184, setWindowRect: true, strictFileInteractability: false, timeouts: {implicit: 0, pageLoad: 300000, script: 30000}, unhandledPromptBehavior: dismiss and notify, webauthn:extension:credBlob: true, webauthn:extension:largeBlob: true, webauthn:extension:minPinLength: true, webauthn:extension:prf: true, webauthn:virtualAuthenticators: true}
Session ID: bd220f2deb207a9c130e88a2913726ce
at org.openqa.selenium.remote.codec.w3c.W3CHttpResponseCodec.createException(W3CHttpResponseCodec.java:200)
at org.openqa.selenium.remote.codec.w3c.W3CHttpResponseCodec.decode(W3CHttpResponseCodec.java:133)
at org.openqa.selenium.remote.codec.w3c.W3CHttpResponseCodec.decode(W3CHttpResponseCodec.java:53)
at org.openqa.selenium.remote.HttpCommandExecutor.execute(HttpCommandExecutor.java:193)
at org.openqa.selenium.remote.service.DriverCommandExecutor.invokeExecute(DriverCommandExecutor.java:183)
at org.openqa.selenium.remote.service.DriverCommandExecutor.execute(DriverCommandExecutor.java:158)
at org.openqa.selenium.remote.RemoteWebDriver.execute(RemoteWebDriver.java:543)
at org.openqa.selenium.remote.ElementLocation$ElementFinder$2.findElement(ElementLocation.java:162)
at org.openqa.selenium.remote.ElementLocation.findElement(ElementLocation.java:60)
at org.openqa.selenium.remote.RemoteWebDriver.findElement(RemoteWebDriver.java:352)
at org.openqa.selenium.remote.RemoteWebDriver.findElement(RemoteWebDriver.java:344)
at pages.HomePage.clickPopular(HomePage.java:210)
at PopularPageTest.PopularPageUI(PopularPageTest.java:42)
at java.base/java.util.concurrent.ThreadPoolExecutor.runWorker(ThreadPoolExecutor.java:1128)
at java.base/java.util.concurrent.ThreadPoolExecutor$Worker.run(ThreadPoolExecutor.java:628)
at java.base/java.lang.Thread.run(Thread.java:834)
... Removed 16 stack frames]]>
    </failure>
  </testcase> <!-- PopularPageUI -->
  <testcase classname="MovieDetailsPageTest" name="TestMovieDetailPage" time="0.32"/>
  <testcase classname="HomePageTest" name="testContactUsDisplayed" time="0.568"/>
  <testcase classname="AccountPageTest" name="TestAccountPageUiElements" time="1.668"/>
  <testcase classname="HomePageTest" name="testTrendingAndOriginalMoviesDisplayed" time="1.41"/>
  <testcase classname="LogInPageTest" name="testLogInPageWithEmptyInputs" time="4.648"/>
  <testcase classname="AccountPageTest" name="LogOutFunctionality" time="0.738"/>
  <testcase classname="MovieDetailsPageTest" name="TestMovieDetailTrending" time="3.6"/>
  <testcase classname="HeaderSection" name="HeaderSectionFunctionalities" time="3.854"/>
  <testcase classname="SearchPageTest" name="SearchFunctionality" time="22.061"/>
  <testcase classname="LogInPageTest" name="testLogInWithEmptyUserName" time="2.219"/>
  <testcase classname="HomePageTest" name="TestHomePageHeading" time="0.817"/>
  <testcase classname="SearchPageTest" name="FailureSearchFunctionality" time="1.53"/>
  <testcase classname="LogInPageTest" name="testLogInPageWithEmptyPassWord" time="0.97"/>
  <testcase classname="LogInPageTest" name="testLogInPageWithInvalidCredentials" time="1.001"/>
  <testcase classname="LogInPageTest" name="testLogInPageWithValidCredentials" time="1.121"/>
</testsuite> <!-- LoginAndHomePageTest -->
